find_executable: checking for pg_config... -------------------- yes

--------------------

have_header: checking for libpq-fe.h... -------------------- yes

"/usr/local/opt/apple-gcc42/bin/gcc-4.2 -o conftest -I/Users/samanthajones/.rvm/rubies/ruby-1.9.3-p484/include/ruby-1.9.1/x86_64-darwin11.4.2 -I/Users/samanthajones/.rvm/rubies/ruby-1.9.3-p484/include/ruby-1.9.1/ruby/backward -I/Users/samanthajones/.rvm/rubies/ruby-1.9.3-p484/include/ruby-1.9.1 -I. -D_XOPEN_SOURCE -D_DARWIN_C_SOURCE   -I/usr/local/opt/libyaml/include -I/usr/local/opt/readline/include -I/usr/local/opt/libksba/include -I/usr/local/opt/openssl/include -I/usr/include  -O3 -ggdb -Wall -Wextra -Wno-unused-parameter -Wno-parentheses -Wno-long-long -Wno-missing-field-initializers -Wpointer-arith -Wwrite-strings -Wdeclaration-after-statement -Wshorten-64-to-32 -Wimplicit-function-declaration  -fno-common -pipe  conftest.c  -L. -L/Users/samanthajones/.rvm/rubies/ruby-1.9.3-p484/lib -L/usr/local/opt/libyaml/lib -L/usr/local/opt/readline/lib -L/usr/local/opt/libksba/lib -L/usr/local/opt/openssl/lib -L.  -L/usr/local/opt/libyaml/lib -L/usr/local/opt/readline/lib -L/usr/local/opt/libksba/lib -L/usr/local/opt/openssl/lib  -L/usr/lib      -lruby.1.9.1  -lpthread -ldl -lobjc "
checked program was:
/* begin */
1: #include "ruby.h"
2: 
3: int main(int argc, char **argv)
4: {
5:   return 0;
6: }
/* end */

"/usr/local/opt/apple-gcc42/bin/gcc-4.2 -E -I/Users/samanthajones/.rvm/rubies/ruby-1.9.3-p484/include/ruby-1.9.1/x86_64-darwin11.4.2 -I/Users/samanthajones/.rvm/rubies/ruby-1.9.3-p484/include/ruby-1.9.1/ruby/backward -I/Users/samanthajones/.rvm/rubies/ruby-1.9.3-p484/include/ruby-1.9.1 -I. -D_XOPEN_SOURCE -D_DARWIN_C_SOURCE   -I/usr/local/opt/libyaml/include -I/usr/local/opt/readline/include -I/usr/local/opt/libksba/include -I/usr/local/opt/openssl/include -I/usr/include  -O3 -ggdb -Wall -Wextra -Wno-unused-parameter -Wno-parentheses -Wno-long-long -Wno-missing-field-initializers -Wpointer-arith -Wwrite-strings -Wdeclaration-after-statement -Wshorten-64-to-32 -Wimplicit-function-declaration  -fno-common -pipe   conftest.c -o conftest.i"
checked program was:
/* begin */
1: #include "ruby.h"
2: 
3: #include <libpq-fe.h>
/* end */

--------------------

have_header: checking for libpq/libpq-fs.h... -------------------- yes

"/usr/local/opt/apple-gcc42/bin/gcc-4.2 -E -I/Users/samanthajones/.rvm/rubies/ruby-1.9.3-p484/include/ruby-1.9.1/x86_64-darwin11.4.2 -I/Users/samanthajones/.rvm/rubies/ruby-1.9.3-p484/include/ruby-1.9.1/ruby/backward -I/Users/samanthajones/.rvm/rubies/ruby-1.9.3-p484/include/ruby-1.9.1 -I. -D_XOPEN_SOURCE -D_DARWIN_C_SOURCE   -I/usr/local/opt/libyaml/include -I/usr/local/opt/readline/include -I/usr/local/opt/libksba/include -I/usr/local/opt/openssl/include -I/usr/include  -O3 -ggdb -Wall -Wextra -Wno-unused-parameter -Wno-parentheses -Wno-long-long -Wno-missing-field-initializers -Wpointer-arith -Wwrite-strings -Wdeclaration-after-statement -Wshorten-64-to-32 -Wimplicit-function-declaration  -fno-common -pipe   conftest.c -o conftest.i"
checked program was:
/* begin */
1: #include "ruby.h"
2: 
3: #include <libpq/libpq-fs.h>
/* end */

--------------------

have_library: checking for PQconnectdb() in -lpq... -------------------- yes

"/usr/local/opt/apple-gcc42/bin/gcc-4.2 -o conftest -I/Users/samanthajones/.rvm/rubies/ruby-1.9.3-p484/include/ruby-1.9.1/x86_64-darwin11.4.2 -I/Users/samanthajones/.rvm/rubies/ruby-1.9.3-p484/include/ruby-1.9.1/ruby/backward -I/Users/samanthajones/.rvm/rubies/ruby-1.9.3-p484/include/ruby-1.9.1 -I. -D_XOPEN_SOURCE -D_DARWIN_C_SOURCE   -I/usr/local/opt/libyaml/include -I/usr/local/opt/readline/include -I/usr/local/opt/libksba/include -I/usr/local/opt/openssl/include -I/usr/include  -O3 -ggdb -Wall -Wextra -Wno-unused-parameter -Wno-parentheses -Wno-long-long -Wno-missing-field-initializers -Wpointer-arith -Wwrite-strings -Wdeclaration-after-statement -Wshorten-64-to-32 -Wimplicit-function-declaration  -fno-common -pipe  conftest.c  -L. -L/Users/samanthajones/.rvm/rubies/ruby-1.9.3-p484/lib -L/usr/local/opt/libyaml/lib -L/usr/local/opt/readline/lib -L/usr/local/opt/libksba/lib -L/usr/local/opt/openssl/lib -L.  -L/usr/local/opt/libyaml/lib -L/usr/local/opt/readline/lib -L/usr/local/opt/libksba/lib -L/usr/local/opt/openssl/lib  -L/usr/lib      -lruby.1.9.1 -lpq  -lpthread -ldl -lobjc "
conftest.c: In function ‘t’:
conftest.c:4: error: ‘PQconnectdb’ undeclared (first use in this function)
conftest.c:4: error: (Each undeclared identifier is reported only once
conftest.c:4: error: for each function it appears in.)
checked program was:
/* begin */
 1: #include "ruby.h"
 2: 
 3: /*top*/
 4: int t() { void ((*volatile p)()); p = (void ((*)()))PQconnectdb; return 0; }
 5: int main(int argc, char **argv)
 6: {
 7:   if (argc > 1000000) {
 8:     printf("%p", &t);
 9:   }
10: 
11:   return 0;
12: }
/* end */

"/usr/local/opt/apple-gcc42/bin/gcc-4.2 -o conftest -I/Users/samanthajones/.rvm/rubies/ruby-1.9.3-p484/include/ruby-1.9.1/x86_64-darwin11.4.2 -I/Users/samanthajones/.rvm/rubies/ruby-1.9.3-p484/include/ruby-1.9.1/ruby/backward -I/Users/samanthajones/.rvm/rubies/ruby-1.9.3-p484/include/ruby-1.9.1 -I. -D_XOPEN_SOURCE -D_DARWIN_C_SOURCE   -I/usr/local/opt/libyaml/include -I/usr/local/opt/readline/include -I/usr/local/opt/libksba/include -I/usr/local/opt/openssl/include -I/usr/include  -O3 -ggdb -Wall -Wextra -Wno-unused-parameter -Wno-parentheses -Wno-long-long -Wno-missing-field-initializers -Wpointer-arith -Wwrite-strings -Wdeclaration-after-statement -Wshorten-64-to-32 -Wimplicit-function-declaration  -fno-common -pipe  conftest.c  -L. -L/Users/samanthajones/.rvm/rubies/ruby-1.9.3-p484/lib -L/usr/local/opt/libyaml/lib -L/usr/local/opt/readline/lib -L/usr/local/opt/libksba/lib -L/usr/local/opt/openssl/lib -L.  -L/usr/local/opt/libyaml/lib -L/usr/local/opt/readline/lib -L/usr/local/opt/libksba/lib -L/usr/local/opt/openssl/lib  -L/usr/lib      -lruby.1.9.1 -lpq  -lpthread -ldl -lobjc "
conftest.c: In function ‘t’:
conftest.c:4: warning: implicit declaration of function ‘PQconnectdb’
checked program was:
/* begin */
 1: #include "ruby.h"
 2: 
 3: /*top*/
 4: int t() { PQconnectdb(); return 0; }
 5: int main(int argc, char **argv)
 6: {
 7:   if (argc > 1000000) {
 8:     printf("%p", &t);
 9:   }
10: 
11:   return 0;
12: }
/* end */

--------------------

have_func: checking for PQconnectionUsedPassword()... -------------------- yes

"/usr/local/opt/apple-gcc42/bin/gcc-4.2 -o conftest -I/Users/samanthajones/.rvm/rubies/ruby-1.9.3-p484/include/ruby-1.9.1/x86_64-darwin11.4.2 -I/Users/samanthajones/.rvm/rubies/ruby-1.9.3-p484/include/ruby-1.9.1/ruby/backward -I/Users/samanthajones/.rvm/rubies/ruby-1.9.3-p484/include/ruby-1.9.1 -I. -D_XOPEN_SOURCE -D_DARWIN_C_SOURCE   -I/usr/local/opt/libyaml/include -I/usr/local/opt/readline/include -I/usr/local/opt/libksba/include -I/usr/local/opt/openssl/include -I/usr/include  -O3 -ggdb -Wall -Wextra -Wno-unused-parameter -Wno-parentheses -Wno-long-long -Wno-missing-field-initializers -Wpointer-arith -Wwrite-strings -Wdeclaration-after-statement -Wshorten-64-to-32 -Wimplicit-function-declaration  -fno-common -pipe  conftest.c  -L. -L/Users/samanthajones/.rvm/rubies/ruby-1.9.3-p484/lib -L/usr/local/opt/libyaml/lib -L/usr/local/opt/readline/lib -L/usr/local/opt/libksba/lib -L/usr/local/opt/openssl/lib -L.  -L/usr/local/opt/libyaml/lib -L/usr/local/opt/readline/lib -L/usr/local/opt/libksba/lib -L/usr/local/opt/openssl/lib  -L/usr/lib     -lpq  -lruby.1.9.1 -lpq  -lpthread -ldl -lobjc "
conftest.c: In function ‘t’:
conftest.c:4: error: ‘PQconnectionUsedPassword’ undeclared (first use in this function)
conftest.c:4: error: (Each undeclared identifier is reported only once
conftest.c:4: error: for each function it appears in.)
checked program was:
/* begin */
 1: #include "ruby.h"
 2: 
 3: /*top*/
 4: int t() { void ((*volatile p)()); p = (void ((*)()))PQconnectionUsedPassword; return 0; }
 5: int main(int argc, char **argv)
 6: {
 7:   if (argc > 1000000) {
 8:     printf("%p", &t);
 9:   }
10: 
11:   return 0;
12: }
/* end */

"/usr/local/opt/apple-gcc42/bin/gcc-4.2 -o conftest -I/Users/samanthajones/.rvm/rubies/ruby-1.9.3-p484/include/ruby-1.9.1/x86_64-darwin11.4.2 -I/Users/samanthajones/.rvm/rubies/ruby-1.9.3-p484/include/ruby-1.9.1/ruby/backward -I/Users/samanthajones/.rvm/rubies/ruby-1.9.3-p484/include/ruby-1.9.1 -I. -D_XOPEN_SOURCE -D_DARWIN_C_SOURCE   -I/usr/local/opt/libyaml/include -I/usr/local/opt/readline/include -I/usr/local/opt/libksba/include -I/usr/local/opt/openssl/include -I/usr/include  -O3 -ggdb -Wall -Wextra -Wno-unused-parameter -Wno-parentheses -Wno-long-long -Wno-missing-field-initializers -Wpointer-arith -Wwrite-strings -Wdeclaration-after-statement -Wshorten-64-to-32 -Wimplicit-function-declaration  -fno-common -pipe  conftest.c  -L. -L/Users/samanthajones/.rvm/rubies/ruby-1.9.3-p484/lib -L/usr/local/opt/libyaml/lib -L/usr/local/opt/readline/lib -L/usr/local/opt/libksba/lib -L/usr/local/opt/openssl/lib -L.  -L/usr/local/opt/libyaml/lib -L/usr/local/opt/readline/lib -L/usr/local/opt/libksba/lib -L/usr/local/opt/openssl/lib  -L/usr/lib     -lpq  -lruby.1.9.1 -lpq  -lpthread -ldl -lobjc "
conftest.c: In function ‘t’:
conftest.c:4: warning: implicit declaration of function ‘PQconnectionUsedPassword’
checked program was:
/* begin */
 1: #include "ruby.h"
 2: 
 3: /*top*/
 4: int t() { PQconnectionUsedPassword(); return 0; }
 5: int main(int argc, char **argv)
 6: {
 7:   if (argc > 1000000) {
 8:     printf("%p", &t);
 9:   }
10: 
11:   return 0;
12: }
/* end */

--------------------

have_func: checking for PQisthreadsafe()... -------------------- yes

"/usr/local/opt/apple-gcc42/bin/gcc-4.2 -o conftest -I/Users/samanthajones/.rvm/rubies/ruby-1.9.3-p484/include/ruby-1.9.1/x86_64-darwin11.4.2 -I/Users/samanthajones/.rvm/rubies/ruby-1.9.3-p484/include/ruby-1.9.1/ruby/backward -I/Users/samanthajones/.rvm/rubies/ruby-1.9.3-p484/include/ruby-1.9.1 -I. -D_XOPEN_SOURCE -D_DARWIN_C_SOURCE   -I/usr/local/opt/libyaml/include -I/usr/local/opt/readline/include -I/usr/local/opt/libksba/include -I/usr/local/opt/openssl/include -I/usr/include  -O3 -ggdb -Wall -Wextra -Wno-unused-parameter -Wno-parentheses -Wno-long-long -Wno-missing-field-initializers -Wpointer-arith -Wwrite-strings -Wdeclaration-after-statement -Wshorten-64-to-32 -Wimplicit-function-declaration  -fno-common -pipe  conftest.c  -L. -L/Users/samanthajones/.rvm/rubies/ruby-1.9.3-p484/lib -L/usr/local/opt/libyaml/lib -L/usr/local/opt/readline/lib -L/usr/local/opt/libksba/lib -L/usr/local/opt/openssl/lib -L.  -L/usr/local/opt/libyaml/lib -L/usr/local/opt/readline/lib -L/usr/local/opt/libksba/lib -L/usr/local/opt/openssl/lib  -L/usr/lib     -lpq  -lruby.1.9.1 -lpq  -lpthread -ldl -lobjc "
conftest.c: In function ‘t’:
conftest.c:4: error: ‘PQisthreadsafe’ undeclared (first use in this function)
conftest.c:4: error: (Each undeclared identifier is reported only once
conftest.c:4: error: for each function it appears in.)
checked program was:
/* begin */
 1: #include "ruby.h"
 2: 
 3: /*top*/
 4: int t() { void ((*volatile p)()); p = (void ((*)()))PQisthreadsafe; return 0; }
 5: int main(int argc, char **argv)
 6: {
 7:   if (argc > 1000000) {
 8:     printf("%p", &t);
 9:   }
10: 
11:   return 0;
12: }
/* end */

"/usr/local/opt/apple-gcc42/bin/gcc-4.2 -o conftest -I/Users/samanthajones/.rvm/rubies/ruby-1.9.3-p484/include/ruby-1.9.1/x86_64-darwin11.4.2 -I/Users/samanthajones/.rvm/rubies/ruby-1.9.3-p484/include/ruby-1.9.1/ruby/backward -I/Users/samanthajones/.rvm/rubies/ruby-1.9.3-p484/include/ruby-1.9.1 -I. -D_XOPEN_SOURCE -D_DARWIN_C_SOURCE   -I/usr/local/opt/libyaml/include -I/usr/local/opt/readline/include -I/usr/local/opt/libksba/include -I/usr/local/opt/openssl/include -I/usr/include  -O3 -ggdb -Wall -Wextra -Wno-unused-parameter -Wno-parentheses -Wno-long-long -Wno-missing-field-initializers -Wpointer-arith -Wwrite-strings -Wdeclaration-after-statement -Wshorten-64-to-32 -Wimplicit-function-declaration  -fno-common -pipe  conftest.c  -L. -L/Users/samanthajones/.rvm/rubies/ruby-1.9.3-p484/lib -L/usr/local/opt/libyaml/lib -L/usr/local/opt/readline/lib -L/usr/local/opt/libksba/lib -L/usr/local/opt/openssl/lib -L.  -L/usr/local/opt/libyaml/lib -L/usr/local/opt/readline/lib -L/usr/local/opt/libksba/lib -L/usr/local/opt/openssl/lib  -L/usr/lib     -lpq  -lruby.1.9.1 -lpq  -lpthread -ldl -lobjc "
conftest.c: In function ‘t’:
conftest.c:4: warning: implicit declaration of function ‘PQisthreadsafe’
checked program was:
/* begin */
 1: #include "ruby.h"
 2: 
 3: /*top*/
 4: int t() { PQisthreadsafe(); return 0; }
 5: int main(int argc, char **argv)
 6: {
 7:   if (argc > 1000000) {
 8:     printf("%p", &t);
 9:   }
10: 
11:   return 0;
12: }
/* end */

--------------------

have_func: checking for PQprepare()... -------------------- yes

"/usr/local/opt/apple-gcc42/bin/gcc-4.2 -o conftest -I/Users/samanthajones/.rvm/rubies/ruby-1.9.3-p484/include/ruby-1.9.1/x86_64-darwin11.4.2 -I/Users/samanthajones/.rvm/rubies/ruby-1.9.3-p484/include/ruby-1.9.1/ruby/backward -I/Users/samanthajones/.rvm/rubies/ruby-1.9.3-p484/include/ruby-1.9.1 -I. -D_XOPEN_SOURCE -D_DARWIN_C_SOURCE   -I/usr/local/opt/libyaml/include -I/usr/local/opt/readline/include -I/usr/local/opt/libksba/include -I/usr/local/opt/openssl/include -I/usr/include  -O3 -ggdb -Wall -Wextra -Wno-unused-parameter -Wno-parentheses -Wno-long-long -Wno-missing-field-initializers -Wpointer-arith -Wwrite-strings -Wdeclaration-after-statement -Wshorten-64-to-32 -Wimplicit-function-declaration  -fno-common -pipe  conftest.c  -L. -L/Users/samanthajones/.rvm/rubies/ruby-1.9.3-p484/lib -L/usr/local/opt/libyaml/lib -L/usr/local/opt/readline/lib -L/usr/local/opt/libksba/lib -L/usr/local/opt/openssl/lib -L.  -L/usr/local/opt/libyaml/lib -L/usr/local/opt/readline/lib -L/usr/local/opt/libksba/lib -L/usr/local/opt/openssl/lib  -L/usr/lib     -lpq  -lruby.1.9.1 -lpq  -lpthread -ldl -lobjc "
conftest.c: In function ‘t’:
conftest.c:4: error: ‘PQprepare’ undeclared (first use in this function)
conftest.c:4: error: (Each undeclared identifier is reported only once
conftest.c:4: error: for each function it appears in.)
checked program was:
/* begin */
 1: #include "ruby.h"
 2: 
 3: /*top*/
 4: int t() { void ((*volatile p)()); p = (void ((*)()))PQprepare; return 0; }
 5: int main(int argc, char **argv)
 6: {
 7:   if (argc > 1000000) {
 8:     printf("%p", &t);
 9:   }
10: 
11:   return 0;
12: }
/* end */

"/usr/local/opt/apple-gcc42/bin/gcc-4.2 -o conftest -I/Users/samanthajones/.rvm/rubies/ruby-1.9.3-p484/include/ruby-1.9.1/x86_64-darwin11.4.2 -I/Users/samanthajones/.rvm/rubies/ruby-1.9.3-p484/include/ruby-1.9.1/ruby/backward -I/Users/samanthajones/.rvm/rubies/ruby-1.9.3-p484/include/ruby-1.9.1 -I. -D_XOPEN_SOURCE -D_DARWIN_C_SOURCE   -I/usr/local/opt/libyaml/include -I/usr/local/opt/readline/include -I/usr/local/opt/libksba/include -I/usr/local/opt/openssl/include -I/usr/include  -O3 -ggdb -Wall -Wextra -Wno-unused-parameter -Wno-parentheses -Wno-long-long -Wno-missing-field-initializers -Wpointer-arith -Wwrite-strings -Wdeclaration-after-statement -Wshorten-64-to-32 -Wimplicit-function-declaration  -fno-common -pipe  conftest.c  -L. -L/Users/samanthajones/.rvm/rubies/ruby-1.9.3-p484/lib -L/usr/local/opt/libyaml/lib -L/usr/local/opt/readline/lib -L/usr/local/opt/libksba/lib -L/usr/local/opt/openssl/lib -L.  -L/usr/local/opt/libyaml/lib -L/usr/local/opt/readline/lib -L/usr/local/opt/libksba/lib -L/usr/local/opt/openssl/lib  -L/usr/lib     -lpq  -lruby.1.9.1 -lpq  -lpthread -ldl -lobjc "
conftest.c: In function ‘t’:
conftest.c:4: warning: implicit declaration of function ‘PQprepare’
checked program was:
/* begin */
 1: #include "ruby.h"
 2: 
 3: /*top*/
 4: int t() { PQprepare(); return 0; }
 5: int main(int argc, char **argv)
 6: {
 7:   if (argc > 1000000) {
 8:     printf("%p", &t);
 9:   }
10: 
11:   return 0;
12: }
/* end */

--------------------

have_func: checking for PQexecParams()... -------------------- yes

"/usr/local/opt/apple-gcc42/bin/gcc-4.2 -o conftest -I/Users/samanthajones/.rvm/rubies/ruby-1.9.3-p484/include/ruby-1.9.1/x86_64-darwin11.4.2 -I/Users/samanthajones/.rvm/rubies/ruby-1.9.3-p484/include/ruby-1.9.1/ruby/backward -I/Users/samanthajones/.rvm/rubies/ruby-1.9.3-p484/include/ruby-1.9.1 -I. -D_XOPEN_SOURCE -D_DARWIN_C_SOURCE   -I/usr/local/opt/libyaml/include -I/usr/local/opt/readline/include -I/usr/local/opt/libksba/include -I/usr/local/opt/openssl/include -I/usr/include  -O3 -ggdb -Wall -Wextra -Wno-unused-parameter -Wno-parentheses -Wno-long-long -Wno-missing-field-initializers -Wpointer-arith -Wwrite-strings -Wdeclaration-after-statement -Wshorten-64-to-32 -Wimplicit-function-declaration  -fno-common -pipe  conftest.c  -L. -L/Users/samanthajones/.rvm/rubies/ruby-1.9.3-p484/lib -L/usr/local/opt/libyaml/lib -L/usr/local/opt/readline/lib -L/usr/local/opt/libksba/lib -L/usr/local/opt/openssl/lib -L.  -L/usr/local/opt/libyaml/lib -L/usr/local/opt/readline/lib -L/usr/local/opt/libksba/lib -L/usr/local/opt/openssl/lib  -L/usr/lib     -lpq  -lruby.1.9.1 -lpq  -lpthread -ldl -lobjc "
conftest.c: In function ‘t’:
conftest.c:4: error: ‘PQexecParams’ undeclared (first use in this function)
conftest.c:4: error: (Each undeclared identifier is reported only once
conftest.c:4: error: for each function it appears in.)
checked program was:
/* begin */
 1: #include "ruby.h"
 2: 
 3: /*top*/
 4: int t() { void ((*volatile p)()); p = (void ((*)()))PQexecParams; return 0; }
 5: int main(int argc, char **argv)
 6: {
 7:   if (argc > 1000000) {
 8:     printf("%p", &t);
 9:   }
10: 
11:   return 0;
12: }
/* end */

"/usr/local/opt/apple-gcc42/bin/gcc-4.2 -o conftest -I/Users/samanthajones/.rvm/rubies/ruby-1.9.3-p484/include/ruby-1.9.1/x86_64-darwin11.4.2 -I/Users/samanthajones/.rvm/rubies/ruby-1.9.3-p484/include/ruby-1.9.1/ruby/backward -I/Users/samanthajones/.rvm/rubies/ruby-1.9.3-p484/include/ruby-1.9.1 -I. -D_XOPEN_SOURCE -D_DARWIN_C_SOURCE   -I/usr/local/opt/libyaml/include -I/usr/local/opt/readline/include -I/usr/local/opt/libksba/include -I/usr/local/opt/openssl/include -I/usr/include  -O3 -ggdb -Wall -Wextra -Wno-unused-parameter -Wno-parentheses -Wno-long-long -Wno-missing-field-initializers -Wpointer-arith -Wwrite-strings -Wdeclaration-after-statement -Wshorten-64-to-32 -Wimplicit-function-declaration  -fno-common -pipe  conftest.c  -L. -L/Users/samanthajones/.rvm/rubies/ruby-1.9.3-p484/lib -L/usr/local/opt/libyaml/lib -L/usr/local/opt/readline/lib -L/usr/local/opt/libksba/lib -L/usr/local/opt/openssl/lib -L.  -L/usr/local/opt/libyaml/lib -L/usr/local/opt/readline/lib -L/usr/local/opt/libksba/lib -L/usr/local/opt/openssl/lib  -L/usr/lib     -lpq  -lruby.1.9.1 -lpq  -lpthread -ldl -lobjc "
conftest.c: In function ‘t’:
conftest.c:4: warning: implicit declaration of function ‘PQexecParams’
checked program was:
/* begin */
 1: #include "ruby.h"
 2: 
 3: /*top*/
 4: int t() { PQexecParams(); return 0; }
 5: int main(int argc, char **argv)
 6: {
 7:   if (argc > 1000000) {
 8:     printf("%p", &t);
 9:   }
10: 
11:   return 0;
12: }
/* end */

--------------------

have_func: checking for PQescapeString()... -------------------- yes

"/usr/local/opt/apple-gcc42/bin/gcc-4.2 -o conftest -I/Users/samanthajones/.rvm/rubies/ruby-1.9.3-p484/include/ruby-1.9.1/x86_64-darwin11.4.2 -I/Users/samanthajones/.rvm/rubies/ruby-1.9.3-p484/include/ruby-1.9.1/ruby/backward -I/Users/samanthajones/.rvm/rubies/ruby-1.9.3-p484/include/ruby-1.9.1 -I. -D_XOPEN_SOURCE -D_DARWIN_C_SOURCE   -I/usr/local/opt/libyaml/include -I/usr/local/opt/readline/include -I/usr/local/opt/libksba/include -I/usr/local/opt/openssl/include -I/usr/include  -O3 -ggdb -Wall -Wextra -Wno-unused-parameter -Wno-parentheses -Wno-long-long -Wno-missing-field-initializers -Wpointer-arith -Wwrite-strings -Wdeclaration-after-statement -Wshorten-64-to-32 -Wimplicit-function-declaration  -fno-common -pipe  conftest.c  -L. -L/Users/samanthajones/.rvm/rubies/ruby-1.9.3-p484/lib -L/usr/local/opt/libyaml/lib -L/usr/local/opt/readline/lib -L/usr/local/opt/libksba/lib -L/usr/local/opt/openssl/lib -L.  -L/usr/local/opt/libyaml/lib -L/usr/local/opt/readline/lib -L/usr/local/opt/libksba/lib -L/usr/local/opt/openssl/lib  -L/usr/lib     -lpq  -lruby.1.9.1 -lpq  -lpthread -ldl -lobjc "
conftest.c: In function ‘t’:
conftest.c:4: error: ‘PQescapeString’ undeclared (first use in this function)
conftest.c:4: error: (Each undeclared identifier is reported only once
conftest.c:4: error: for each function it appears in.)
checked program was:
/* begin */
 1: #include "ruby.h"
 2: 
 3: /*top*/
 4: int t() { void ((*volatile p)()); p = (void ((*)()))PQescapeString; return 0; }
 5: int main(int argc, char **argv)
 6: {
 7:   if (argc > 1000000) {
 8:     printf("%p", &t);
 9:   }
10: 
11:   return 0;
12: }
/* end */

"/usr/local/opt/apple-gcc42/bin/gcc-4.2 -o conftest -I/Users/samanthajones/.rvm/rubies/ruby-1.9.3-p484/include/ruby-1.9.1/x86_64-darwin11.4.2 -I/Users/samanthajones/.rvm/rubies/ruby-1.9.3-p484/include/ruby-1.9.1/ruby/backward -I/Users/samanthajones/.rvm/rubies/ruby-1.9.3-p484/include/ruby-1.9.1 -I. -D_XOPEN_SOURCE -D_DARWIN_C_SOURCE   -I/usr/local/opt/libyaml/include -I/usr/local/opt/readline/include -I/usr/local/opt/libksba/include -I/usr/local/opt/openssl/include -I/usr/include  -O3 -ggdb -Wall -Wextra -Wno-unused-parameter -Wno-parentheses -Wno-long-long -Wno-missing-field-initializers -Wpointer-arith -Wwrite-strings -Wdeclaration-after-statement -Wshorten-64-to-32 -Wimplicit-function-declaration  -fno-common -pipe  conftest.c  -L. -L/Users/samanthajones/.rvm/rubies/ruby-1.9.3-p484/lib -L/usr/local/opt/libyaml/lib -L/usr/local/opt/readline/lib -L/usr/local/opt/libksba/lib -L/usr/local/opt/openssl/lib -L.  -L/usr/local/opt/libyaml/lib -L/usr/local/opt/readline/lib -L/usr/local/opt/libksba/lib -L/usr/local/opt/openssl/lib  -L/usr/lib     -lpq  -lruby.1.9.1 -lpq  -lpthread -ldl -lobjc "
conftest.c: In function ‘t’:
conftest.c:4: warning: implicit declaration of function ‘PQescapeString’
checked program was:
/* begin */
 1: #include "ruby.h"
 2: 
 3: /*top*/
 4: int t() { PQescapeString(); return 0; }
 5: int main(int argc, char **argv)
 6: {
 7:   if (argc > 1000000) {
 8:     printf("%p", &t);
 9:   }
10: 
11:   return 0;
12: }
/* end */

--------------------

have_func: checking for PQescapeStringConn()... -------------------- yes

"/usr/local/opt/apple-gcc42/bin/gcc-4.2 -o conftest -I/Users/samanthajones/.rvm/rubies/ruby-1.9.3-p484/include/ruby-1.9.1/x86_64-darwin11.4.2 -I/Users/samanthajones/.rvm/rubies/ruby-1.9.3-p484/include/ruby-1.9.1/ruby/backward -I/Users/samanthajones/.rvm/rubies/ruby-1.9.3-p484/include/ruby-1.9.1 -I. -D_XOPEN_SOURCE -D_DARWIN_C_SOURCE   -I/usr/local/opt/libyaml/include -I/usr/local/opt/readline/include -I/usr/local/opt/libksba/include -I/usr/local/opt/openssl/include -I/usr/include  -O3 -ggdb -Wall -Wextra -Wno-unused-parameter -Wno-parentheses -Wno-long-long -Wno-missing-field-initializers -Wpointer-arith -Wwrite-strings -Wdeclaration-after-statement -Wshorten-64-to-32 -Wimplicit-function-declaration  -fno-common -pipe  conftest.c  -L. -L/Users/samanthajones/.rvm/rubies/ruby-1.9.3-p484/lib -L/usr/local/opt/libyaml/lib -L/usr/local/opt/readline/lib -L/usr/local/opt/libksba/lib -L/usr/local/opt/openssl/lib -L.  -L/usr/local/opt/libyaml/lib -L/usr/local/opt/readline/lib -L/usr/local/opt/libksba/lib -L/usr/local/opt/openssl/lib  -L/usr/lib     -lpq  -lruby.1.9.1 -lpq  -lpthread -ldl -lobjc "
conftest.c: In function ‘t’:
conftest.c:4: error: ‘PQescapeStringConn’ undeclared (first use in this function)
conftest.c:4: error: (Each undeclared identifier is reported only once
conftest.c:4: error: for each function it appears in.)
checked program was:
/* begin */
 1: #include "ruby.h"
 2: 
 3: /*top*/
 4: int t() { void ((*volatile p)()); p = (void ((*)()))PQescapeStringConn; return 0; }
 5: int main(int argc, char **argv)
 6: {
 7:   if (argc > 1000000) {
 8:     printf("%p", &t);
 9:   }
10: 
11:   return 0;
12: }
/* end */

"/usr/local/opt/apple-gcc42/bin/gcc-4.2 -o conftest -I/Users/samanthajones/.rvm/rubies/ruby-1.9.3-p484/include/ruby-1.9.1/x86_64-darwin11.4.2 -I/Users/samanthajones/.rvm/rubies/ruby-1.9.3-p484/include/ruby-1.9.1/ruby/backward -I/Users/samanthajones/.rvm/rubies/ruby-1.9.3-p484/include/ruby-1.9.1 -I. -D_XOPEN_SOURCE -D_DARWIN_C_SOURCE   -I/usr/local/opt/libyaml/include -I/usr/local/opt/readline/include -I/usr/local/opt/libksba/include -I/usr/local/opt/openssl/include -I/usr/include  -O3 -ggdb -Wall -Wextra -Wno-unused-parameter -Wno-parentheses -Wno-long-long -Wno-missing-field-initializers -Wpointer-arith -Wwrite-strings -Wdeclaration-after-statement -Wshorten-64-to-32 -Wimplicit-function-declaration  -fno-common -pipe  conftest.c  -L. -L/Users/samanthajones/.rvm/rubies/ruby-1.9.3-p484/lib -L/usr/local/opt/libyaml/lib -L/usr/local/opt/readline/lib -L/usr/local/opt/libksba/lib -L/usr/local/opt/openssl/lib -L.  -L/usr/local/opt/libyaml/lib -L/usr/local/opt/readline/lib -L/usr/local/opt/libksba/lib -L/usr/local/opt/openssl/lib  -L/usr/lib     -lpq  -lruby.1.9.1 -lpq  -lpthread -ldl -lobjc "
conftest.c: In function ‘t’:
conftest.c:4: warning: implicit declaration of function ‘PQescapeStringConn’
checked program was:
/* begin */
 1: #include "ruby.h"
 2: 
 3: /*top*/
 4: int t() { PQescapeStringConn(); return 0; }
 5: int main(int argc, char **argv)
 6: {
 7:   if (argc > 1000000) {
 8:     printf("%p", &t);
 9:   }
10: 
11:   return 0;
12: }
/* end */

--------------------

have_func: checking for lo_create()... -------------------- yes

"/usr/local/opt/apple-gcc42/bin/gcc-4.2 -o conftest -I/Users/samanthajones/.rvm/rubies/ruby-1.9.3-p484/include/ruby-1.9.1/x86_64-darwin11.4.2 -I/Users/samanthajones/.rvm/rubies/ruby-1.9.3-p484/include/ruby-1.9.1/ruby/backward -I/Users/samanthajones/.rvm/rubies/ruby-1.9.3-p484/include/ruby-1.9.1 -I. -D_XOPEN_SOURCE -D_DARWIN_C_SOURCE   -I/usr/local/opt/libyaml/include -I/usr/local/opt/readline/include -I/usr/local/opt/libksba/include -I/usr/local/opt/openssl/include -I/usr/include  -O3 -ggdb -Wall -Wextra -Wno-unused-parameter -Wno-parentheses -Wno-long-long -Wno-missing-field-initializers -Wpointer-arith -Wwrite-strings -Wdeclaration-after-statement -Wshorten-64-to-32 -Wimplicit-function-declaration  -fno-common -pipe  conftest.c  -L. -L/Users/samanthajones/.rvm/rubies/ruby-1.9.3-p484/lib -L/usr/local/opt/libyaml/lib -L/usr/local/opt/readline/lib -L/usr/local/opt/libksba/lib -L/usr/local/opt/openssl/lib -L.  -L/usr/local/opt/libyaml/lib -L/usr/local/opt/readline/lib -L/usr/local/opt/libksba/lib -L/usr/local/opt/openssl/lib  -L/usr/lib     -lpq  -lruby.1.9.1 -lpq  -lpthread -ldl -lobjc "
conftest.c: In function ‘t’:
conftest.c:4: error: ‘lo_create’ undeclared (first use in this function)
conftest.c:4: error: (Each undeclared identifier is reported only once
conftest.c:4: error: for each function it appears in.)
checked program was:
/* begin */
 1: #include "ruby.h"
 2: 
 3: /*top*/
 4: int t() { void ((*volatile p)()); p = (void ((*)()))lo_create; return 0; }
 5: int main(int argc, char **argv)
 6: {
 7:   if (argc > 1000000) {
 8:     printf("%p", &t);
 9:   }
10: 
11:   return 0;
12: }
/* end */

"/usr/local/opt/apple-gcc42/bin/gcc-4.2 -o conftest -I/Users/samanthajones/.rvm/rubies/ruby-1.9.3-p484/include/ruby-1.9.1/x86_64-darwin11.4.2 -I/Users/samanthajones/.rvm/rubies/ruby-1.9.3-p484/include/ruby-1.9.1/ruby/backward -I/Users/samanthajones/.rvm/rubies/ruby-1.9.3-p484/include/ruby-1.9.1 -I. -D_XOPEN_SOURCE -D_DARWIN_C_SOURCE   -I/usr/local/opt/libyaml/include -I/usr/local/opt/readline/include -I/usr/local/opt/libksba/include -I/usr/local/opt/openssl/include -I/usr/include  -O3 -ggdb -Wall -Wextra -Wno-unused-parameter -Wno-parentheses -Wno-long-long -Wno-missing-field-initializers -Wpointer-arith -Wwrite-strings -Wdeclaration-after-statement -Wshorten-64-to-32 -Wimplicit-function-declaration  -fno-common -pipe  conftest.c  -L. -L/Users/samanthajones/.rvm/rubies/ruby-1.9.3-p484/lib -L/usr/local/opt/libyaml/lib -L/usr/local/opt/readline/lib -L/usr/local/opt/libksba/lib -L/usr/local/opt/openssl/lib -L.  -L/usr/local/opt/libyaml/lib -L/usr/local/opt/readline/lib -L/usr/local/opt/libksba/lib -L/usr/local/opt/openssl/lib  -L/usr/lib     -lpq  -lruby.1.9.1 -lpq  -lpthread -ldl -lobjc "
conftest.c: In function ‘t’:
conftest.c:4: warning: implicit declaration of function ‘lo_create’
checked program was:
/* begin */
 1: #include "ruby.h"
 2: 
 3: /*top*/
 4: int t() { lo_create(); return 0; }
 5: int main(int argc, char **argv)
 6: {
 7:   if (argc > 1000000) {
 8:     printf("%p", &t);
 9:   }
10: 
11:   return 0;
12: }
/* end */

--------------------

have_func: checking for pg_encoding_to_char()... -------------------- yes

"/usr/local/opt/apple-gcc42/bin/gcc-4.2 -o conftest -I/Users/samanthajones/.rvm/rubies/ruby-1.9.3-p484/include/ruby-1.9.1/x86_64-darwin11.4.2 -I/Users/samanthajones/.rvm/rubies/ruby-1.9.3-p484/include/ruby-1.9.1/ruby/backward -I/Users/samanthajones/.rvm/rubies/ruby-1.9.3-p484/include/ruby-1.9.1 -I. -D_XOPEN_SOURCE -D_DARWIN_C_SOURCE   -I/usr/local/opt/libyaml/include -I/usr/local/opt/readline/include -I/usr/local/opt/libksba/include -I/usr/local/opt/openssl/include -I/usr/include  -O3 -ggdb -Wall -Wextra -Wno-unused-parameter -Wno-parentheses -Wno-long-long -Wno-missing-field-initializers -Wpointer-arith -Wwrite-strings -Wdeclaration-after-statement -Wshorten-64-to-32 -Wimplicit-function-declaration  -fno-common -pipe  conftest.c  -L. -L/Users/samanthajones/.rvm/rubies/ruby-1.9.3-p484/lib -L/usr/local/opt/libyaml/lib -L/usr/local/opt/readline/lib -L/usr/local/opt/libksba/lib -L/usr/local/opt/openssl/lib -L.  -L/usr/local/opt/libyaml/lib -L/usr/local/opt/readline/lib -L/usr/local/opt/libksba/lib -L/usr/local/opt/openssl/lib  -L/usr/lib     -lpq  -lruby.1.9.1 -lpq  -lpthread -ldl -lobjc "
conftest.c: In function ‘t’:
conftest.c:4: error: ‘pg_encoding_to_char’ undeclared (first use in this function)
conftest.c:4: error: (Each undeclared identifier is reported only once
conftest.c:4: error: for each function it appears in.)
checked program was:
/* begin */
 1: #include "ruby.h"
 2: 
 3: /*top*/
 4: int t() { void ((*volatile p)()); p = (void ((*)()))pg_encoding_to_char; return 0; }
 5: int main(int argc, char **argv)
 6: {
 7:   if (argc > 1000000) {
 8:     printf("%p", &t);
 9:   }
10: 
11:   return 0;
12: }
/* end */

"/usr/local/opt/apple-gcc42/bin/gcc-4.2 -o conftest -I/Users/samanthajones/.rvm/rubies/ruby-1.9.3-p484/include/ruby-1.9.1/x86_64-darwin11.4.2 -I/Users/samanthajones/.rvm/rubies/ruby-1.9.3-p484/include/ruby-1.9.1/ruby/backward -I/Users/samanthajones/.rvm/rubies/ruby-1.9.3-p484/include/ruby-1.9.1 -I. -D_XOPEN_SOURCE -D_DARWIN_C_SOURCE   -I/usr/local/opt/libyaml/include -I/usr/local/opt/readline/include -I/usr/local/opt/libksba/include -I/usr/local/opt/openssl/include -I/usr/include  -O3 -ggdb -Wall -Wextra -Wno-unused-parameter -Wno-parentheses -Wno-long-long -Wno-missing-field-initializers -Wpointer-arith -Wwrite-strings -Wdeclaration-after-statement -Wshorten-64-to-32 -Wimplicit-function-declaration  -fno-common -pipe  conftest.c  -L. -L/Users/samanthajones/.rvm/rubies/ruby-1.9.3-p484/lib -L/usr/local/opt/libyaml/lib -L/usr/local/opt/readline/lib -L/usr/local/opt/libksba/lib -L/usr/local/opt/openssl/lib -L.  -L/usr/local/opt/libyaml/lib -L/usr/local/opt/readline/lib -L/usr/local/opt/libksba/lib -L/usr/local/opt/openssl/lib  -L/usr/lib     -lpq  -lruby.1.9.1 -lpq  -lpthread -ldl -lobjc "
conftest.c: In function ‘t’:
conftest.c:4: warning: implicit declaration of function ‘pg_encoding_to_char’
checked program was:
/* begin */
 1: #include "ruby.h"
 2: 
 3: /*top*/
 4: int t() { pg_encoding_to_char(); return 0; }
 5: int main(int argc, char **argv)
 6: {
 7:   if (argc > 1000000) {
 8:     printf("%p", &t);
 9:   }
10: 
11:   return 0;
12: }
/* end */

--------------------

have_func: checking for PQsetClientEncoding()... -------------------- yes

"/usr/local/opt/apple-gcc42/bin/gcc-4.2 -o conftest -I/Users/samanthajones/.rvm/rubies/ruby-1.9.3-p484/include/ruby-1.9.1/x86_64-darwin11.4.2 -I/Users/samanthajones/.rvm/rubies/ruby-1.9.3-p484/include/ruby-1.9.1/ruby/backward -I/Users/samanthajones/.rvm/rubies/ruby-1.9.3-p484/include/ruby-1.9.1 -I. -D_XOPEN_SOURCE -D_DARWIN_C_SOURCE   -I/usr/local/opt/libyaml/include -I/usr/local/opt/readline/include -I/usr/local/opt/libksba/include -I/usr/local/opt/openssl/include -I/usr/include  -O3 -ggdb -Wall -Wextra -Wno-unused-parameter -Wno-parentheses -Wno-long-long -Wno-missing-field-initializers -Wpointer-arith -Wwrite-strings -Wdeclaration-after-statement -Wshorten-64-to-32 -Wimplicit-function-declaration  -fno-common -pipe  conftest.c  -L. -L/Users/samanthajones/.rvm/rubies/ruby-1.9.3-p484/lib -L/usr/local/opt/libyaml/lib -L/usr/local/opt/readline/lib -L/usr/local/opt/libksba/lib -L/usr/local/opt/openssl/lib -L.  -L/usr/local/opt/libyaml/lib -L/usr/local/opt/readline/lib -L/usr/local/opt/libksba/lib -L/usr/local/opt/openssl/lib  -L/usr/lib     -lpq  -lruby.1.9.1 -lpq  -lpthread -ldl -lobjc "
conftest.c: In function ‘t’:
conftest.c:4: error: ‘PQsetClientEncoding’ undeclared (first use in this function)
conftest.c:4: error: (Each undeclared identifier is reported only once
conftest.c:4: error: for each function it appears in.)
checked program was:
/* begin */
 1: #include "ruby.h"
 2: 
 3: /*top*/
 4: int t() { void ((*volatile p)()); p = (void ((*)()))PQsetClientEncoding; return 0; }
 5: int main(int argc, char **argv)
 6: {
 7:   if (argc > 1000000) {
 8:     printf("%p", &t);
 9:   }
10: 
11:   return 0;
12: }
/* end */

"/usr/local/opt/apple-gcc42/bin/gcc-4.2 -o conftest -I/Users/samanthajones/.rvm/rubies/ruby-1.9.3-p484/include/ruby-1.9.1/x86_64-darwin11.4.2 -I/Users/samanthajones/.rvm/rubies/ruby-1.9.3-p484/include/ruby-1.9.1/ruby/backward -I/Users/samanthajones/.rvm/rubies/ruby-1.9.3-p484/include/ruby-1.9.1 -I. -D_XOPEN_SOURCE -D_DARWIN_C_SOURCE   -I/usr/local/opt/libyaml/include -I/usr/local/opt/readline/include -I/usr/local/opt/libksba/include -I/usr/local/opt/openssl/include -I/usr/include  -O3 -ggdb -Wall -Wextra -Wno-unused-parameter -Wno-parentheses -Wno-long-long -Wno-missing-field-initializers -Wpointer-arith -Wwrite-strings -Wdeclaration-after-statement -Wshorten-64-to-32 -Wimplicit-function-declaration  -fno-common -pipe  conftest.c  -L. -L/Users/samanthajones/.rvm/rubies/ruby-1.9.3-p484/lib -L/usr/local/opt/libyaml/lib -L/usr/local/opt/readline/lib -L/usr/local/opt/libksba/lib -L/usr/local/opt/openssl/lib -L.  -L/usr/local/opt/libyaml/lib -L/usr/local/opt/readline/lib -L/usr/local/opt/libksba/lib -L/usr/local/opt/openssl/lib  -L/usr/lib     -lpq  -lruby.1.9.1 -lpq  -lpthread -ldl -lobjc "
conftest.c: In function ‘t’:
conftest.c:4: warning: implicit declaration of function ‘PQsetClientEncoding’
checked program was:
/* begin */
 1: #include "ruby.h"
 2: 
 3: /*top*/
 4: int t() { PQsetClientEncoding(); return 0; }
 5: int main(int argc, char **argv)
 6: {
 7:   if (argc > 1000000) {
 8:     printf("%p", &t);
 9:   }
10: 
11:   return 0;
12: }
/* end */

--------------------

have_header: checking for unistd.h... -------------------- yes

"/usr/local/opt/apple-gcc42/bin/gcc-4.2 -E -I/Users/samanthajones/.rvm/rubies/ruby-1.9.3-p484/include/ruby-1.9.1/x86_64-darwin11.4.2 -I/Users/samanthajones/.rvm/rubies/ruby-1.9.3-p484/include/ruby-1.9.1/ruby/backward -I/Users/samanthajones/.rvm/rubies/ruby-1.9.3-p484/include/ruby-1.9.1 -I. -D_XOPEN_SOURCE -D_DARWIN_C_SOURCE   -I/usr/local/opt/libyaml/include -I/usr/local/opt/readline/include -I/usr/local/opt/libksba/include -I/usr/local/opt/openssl/include -I/usr/include  -O3 -ggdb -Wall -Wextra -Wno-unused-parameter -Wno-parentheses -Wno-long-long -Wno-missing-field-initializers -Wpointer-arith -Wwrite-strings -Wdeclaration-after-statement -Wshorten-64-to-32 -Wimplicit-function-declaration  -fno-common -pipe   conftest.c -o conftest.i"
checked program was:
/* begin */
1: #include "ruby.h"
2: 
3: #include <unistd.h>
/* end */

--------------------

extconf.h is:
/* begin */
 1: #ifndef EXTCONF_H
 2: #define EXTCONF_H
 3: #define HAVE_LIBPQ_FE_H 1
 4: #define HAVE_LIBPQ_LIBPQ_FS_H 1
 5: #define HAVE_PQCONNECTIONUSEDPASSWORD 1
 6: #define HAVE_PQISTHREADSAFE 1
 7: #define HAVE_PQPREPARE 1
 8: #define HAVE_PQEXECPARAMS 1
 9: #define HAVE_PQESCAPESTRING 1
10: #define HAVE_PQESCAPESTRINGCONN 1
11: #define HAVE_LO_CREATE 1
12: #define HAVE_PG_ENCODING_TO_CHAR 1
13: #define HAVE_PQSETCLIENTENCODING 1
14: #define HAVE_UNISTD_H 1
15: #endif
/* end */

