package configuration for openssl
cflags: 
ldflags: 
libs: -lssl -lcrypto -lz 

have_var: checking for rb_trap_immediate in ruby.h,rubysig.h... -------------------- no

"/usr/local/opt/apple-gcc42/bin/gcc-4.2 -o conftest -I/Users/samanthajones/.rvm/rubies/ruby-1.9.3-p484/include/ruby-1.9.1/x86_64-darwin11.4.2 -I/Users/samanthajones/.rvm/rubies/ruby-1.9.3-p484/include/ruby-1.9.1/ruby/backward -I/Users/samanthajones/.rvm/rubies/ruby-1.9.3-p484/include/ruby-1.9.1 -I. -D_XOPEN_SOURCE -D_DARWIN_C_SOURCE   -I/usr/local/opt/libyaml/include -I/usr/local/opt/readline/include -I/usr/local/opt/libksba/include -I/usr/local/opt/openssl/include  -O3 -ggdb -Wall -Wextra -Wno-unused-parameter -Wno-parentheses -Wno-long-long -Wno-missing-field-initializers -Wpointer-arith -Wwrite-strings -Wdeclaration-after-statement -Wshorten-64-to-32 -Wimplicit-function-declaration  -fno-common -pipe  conftest.c  -L. -L/Users/samanthajones/.rvm/rubies/ruby-1.9.3-p484/lib -L/usr/local/opt/libyaml/lib -L/usr/local/opt/readline/lib -L/usr/local/opt/libksba/lib -L/usr/local/opt/openssl/lib -L.  -L/usr/local/opt/libyaml/lib -L/usr/local/opt/readline/lib -L/usr/local/opt/libksba/lib -L/usr/local/opt/openssl/lib       -lssl -lcrypto -lz  -lruby.1.9.1  -lpthread -ldl -lobjc "
checked program was:
/* begin */
1: #include "ruby.h"
2: 
3: int main(int argc, char **argv)
4: {
5:   return 0;
6: }
/* end */

"/usr/local/opt/apple-gcc42/bin/gcc-4.2 -I/Users/samanthajones/.rvm/rubies/ruby-1.9.3-p484/include/ruby-1.9.1/x86_64-darwin11.4.2 -I/Users/samanthajones/.rvm/rubies/ruby-1.9.3-p484/include/ruby-1.9.1/ruby/backward -I/Users/samanthajones/.rvm/rubies/ruby-1.9.3-p484/include/ruby-1.9.1 -I. -D_XOPEN_SOURCE -D_DARWIN_C_SOURCE   -I/usr/local/opt/libyaml/include -I/usr/local/opt/readline/include -I/usr/local/opt/libksba/include -I/usr/local/opt/openssl/include  -O3 -ggdb -Wall -Wextra -Wno-unused-parameter -Wno-parentheses -Wno-long-long -Wno-missing-field-initializers -Wpointer-arith -Wwrite-strings -Wdeclaration-after-statement -Wshorten-64-to-32 -Wimplicit-function-declaration  -fno-common -pipe    -c conftest.c"
In file included from conftest.c:4:
/Users/samanthajones/.rvm/rubies/ruby-1.9.3-p484/include/ruby-1.9.1/ruby/backward/rubysig.h:14:2: warning: #warning rubysig.h is obsolete
conftest.c: In function ‘t’:
conftest.c:7: error: ‘rb_trap_immediate’ undeclared (first use in this function)
conftest.c:7: error: (Each undeclared identifier is reported only once
conftest.c:7: error: for each function it appears in.)
checked program was:
/* begin */
 1: #include "ruby.h"
 2: 
 3: #include <ruby.h>
 4: #include <rubysig.h>
 5: 
 6: /*top*/
 7: int t() { const volatile void *volatile p; p = &(&rb_trap_immediate)[0]; return 0; }
 8: int main(int argc, char **argv)
 9: {
10:   if (argc > 1000000) {
11:     printf("%p", &t);
12:   }
13: 
14:   return 0;
15: }
/* end */

--------------------

have_func: checking for rb_thread_blocking_region()... -------------------- yes

"/usr/local/opt/apple-gcc42/bin/gcc-4.2 -o conftest -I/Users/samanthajones/.rvm/rubies/ruby-1.9.3-p484/include/ruby-1.9.1/x86_64-darwin11.4.2 -I/Users/samanthajones/.rvm/rubies/ruby-1.9.3-p484/include/ruby-1.9.1/ruby/backward -I/Users/samanthajones/.rvm/rubies/ruby-1.9.3-p484/include/ruby-1.9.1 -I. -D_XOPEN_SOURCE -D_DARWIN_C_SOURCE   -I/usr/local/opt/libyaml/include -I/usr/local/opt/readline/include -I/usr/local/opt/libksba/include -I/usr/local/opt/openssl/include  -O3 -ggdb -Wall -Wextra -Wno-unused-parameter -Wno-parentheses -Wno-long-long -Wno-missing-field-initializers -Wpointer-arith -Wwrite-strings -Wdeclaration-after-statement -Wshorten-64-to-32 -Wimplicit-function-declaration  -fno-common -pipe  conftest.c  -L. -L/Users/samanthajones/.rvm/rubies/ruby-1.9.3-p484/lib -L/usr/local/opt/libyaml/lib -L/usr/local/opt/readline/lib -L/usr/local/opt/libksba/lib -L/usr/local/opt/openssl/lib -L.  -L/usr/local/opt/libyaml/lib -L/usr/local/opt/readline/lib -L/usr/local/opt/libksba/lib -L/usr/local/opt/openssl/lib       -lssl -lcrypto -lz  -lruby.1.9.1  -lssl -lcrypto -lz  -lpthread -ldl -lobjc "
checked program was:
/* begin */
 1: #include "ruby.h"
 2: 
 3: /*top*/
 4: int t() { void ((*volatile p)()); p = (void ((*)()))rb_thread_blocking_region; return 0; }
 5: int main(int argc, char **argv)
 6: {
 7:   if (argc > 1000000) {
 8:     printf("%p", &t);
 9:   }
10: 
11:   return 0;
12: }
/* end */

--------------------

have_func: checking for inotify_init() in sys/inotify.h... -------------------- no

"/usr/local/opt/apple-gcc42/bin/gcc-4.2 -o conftest -I/Users/samanthajones/.rvm/rubies/ruby-1.9.3-p484/include/ruby-1.9.1/x86_64-darwin11.4.2 -I/Users/samanthajones/.rvm/rubies/ruby-1.9.3-p484/include/ruby-1.9.1/ruby/backward -I/Users/samanthajones/.rvm/rubies/ruby-1.9.3-p484/include/ruby-1.9.1 -I. -D_XOPEN_SOURCE -D_DARWIN_C_SOURCE   -I/usr/local/opt/libyaml/include -I/usr/local/opt/readline/include -I/usr/local/opt/libksba/include -I/usr/local/opt/openssl/include  -O3 -ggdb -Wall -Wextra -Wno-unused-parameter -Wno-parentheses -Wno-long-long -Wno-missing-field-initializers -Wpointer-arith -Wwrite-strings -Wdeclaration-after-statement -Wshorten-64-to-32 -Wimplicit-function-declaration  -fno-common -pipe  conftest.c  -L. -L/Users/samanthajones/.rvm/rubies/ruby-1.9.3-p484/lib -L/usr/local/opt/libyaml/lib -L/usr/local/opt/readline/lib -L/usr/local/opt/libksba/lib -L/usr/local/opt/openssl/lib -L.  -L/usr/local/opt/libyaml/lib -L/usr/local/opt/readline/lib -L/usr/local/opt/libksba/lib -L/usr/local/opt/openssl/lib       -lssl -lcrypto -lz  -lruby.1.9.1  -lssl -lcrypto -lz  -lpthread -ldl -lobjc "
conftest.c:3:25: error: sys/inotify.h: No such file or directory
conftest.c: In function ‘t’:
conftest.c:6: error: ‘inotify_init’ undeclared (first use in this function)
conftest.c:6: error: (Each undeclared identifier is reported only once
conftest.c:6: error: for each function it appears in.)
checked program was:
/* begin */
 1: #include "ruby.h"
 2: 
 3: #include <sys/inotify.h>
 4: 
 5: /*top*/
 6: int t() { void ((*volatile p)()); p = (void ((*)()))inotify_init; return 0; }
 7: int main(int argc, char **argv)
 8: {
 9:   if (argc > 1000000) {
10:     printf("%p", &t);
11:   }
12: 
13:   return 0;
14: }
/* end */

"/usr/local/opt/apple-gcc42/bin/gcc-4.2 -o conftest -I/Users/samanthajones/.rvm/rubies/ruby-1.9.3-p484/include/ruby-1.9.1/x86_64-darwin11.4.2 -I/Users/samanthajones/.rvm/rubies/ruby-1.9.3-p484/include/ruby-1.9.1/ruby/backward -I/Users/samanthajones/.rvm/rubies/ruby-1.9.3-p484/include/ruby-1.9.1 -I. -D_XOPEN_SOURCE -D_DARWIN_C_SOURCE   -I/usr/local/opt/libyaml/include -I/usr/local/opt/readline/include -I/usr/local/opt/libksba/include -I/usr/local/opt/openssl/include  -O3 -ggdb -Wall -Wextra -Wno-unused-parameter -Wno-parentheses -Wno-long-long -Wno-missing-field-initializers -Wpointer-arith -Wwrite-strings -Wdeclaration-after-statement -Wshorten-64-to-32 -Wimplicit-function-declaration  -fno-common -pipe  conftest.c  -L. -L/Users/samanthajones/.rvm/rubies/ruby-1.9.3-p484/lib -L/usr/local/opt/libyaml/lib -L/usr/local/opt/readline/lib -L/usr/local/opt/libksba/lib -L/usr/local/opt/openssl/lib -L.  -L/usr/local/opt/libyaml/lib -L/usr/local/opt/readline/lib -L/usr/local/opt/libksba/lib -L/usr/local/opt/openssl/lib       -lssl -lcrypto -lz  -lruby.1.9.1  -lssl -lcrypto -lz  -lpthread -ldl -lobjc "
conftest.c:3:25: error: sys/inotify.h: No such file or directory
conftest.c: In function ‘t’:
conftest.c:6: warning: implicit declaration of function ‘inotify_init’
checked program was:
/* begin */
 1: #include "ruby.h"
 2: 
 3: #include <sys/inotify.h>
 4: 
 5: /*top*/
 6: int t() { inotify_init(); return 0; }
 7: int main(int argc, char **argv)
 8: {
 9:   if (argc > 1000000) {
10:     printf("%p", &t);
11:   }
12: 
13:   return 0;
14: }
/* end */

--------------------

have_macro: checking for __NR_inotify_init in sys/syscall.h... -------------------- no

"/usr/local/opt/apple-gcc42/bin/gcc-4.2 -I/Users/samanthajones/.rvm/rubies/ruby-1.9.3-p484/include/ruby-1.9.1/x86_64-darwin11.4.2 -I/Users/samanthajones/.rvm/rubies/ruby-1.9.3-p484/include/ruby-1.9.1/ruby/backward -I/Users/samanthajones/.rvm/rubies/ruby-1.9.3-p484/include/ruby-1.9.1 -I. -D_XOPEN_SOURCE -D_DARWIN_C_SOURCE   -I/usr/local/opt/libyaml/include -I/usr/local/opt/readline/include -I/usr/local/opt/libksba/include -I/usr/local/opt/openssl/include  -O3 -ggdb -Wall -Wextra -Wno-unused-parameter -Wno-parentheses -Wno-long-long -Wno-missing-field-initializers -Wpointer-arith -Wwrite-strings -Wdeclaration-after-statement -Wshorten-64-to-32 -Wimplicit-function-declaration  -fno-common -pipe    -c conftest.c"
conftest.c:6:3: error: #error 
conftest.c:7: error: expected identifier or ‘(’ before ‘>>’ token
checked program was:
/* begin */
1: #include "ruby.h"
2: 
3: #include <sys/syscall.h>
4: /*top*/
5: #ifndef __NR_inotify_init
6: # error
7: >>>>>> __NR_inotify_init undefined <<<<<<
8: #endif
/* end */

--------------------

have_func: checking for writev() in sys/uio.h... -------------------- yes

"/usr/local/opt/apple-gcc42/bin/gcc-4.2 -o conftest -I/Users/samanthajones/.rvm/rubies/ruby-1.9.3-p484/include/ruby-1.9.1/x86_64-darwin11.4.2 -I/Users/samanthajones/.rvm/rubies/ruby-1.9.3-p484/include/ruby-1.9.1/ruby/backward -I/Users/samanthajones/.rvm/rubies/ruby-1.9.3-p484/include/ruby-1.9.1 -I. -D_XOPEN_SOURCE -D_DARWIN_C_SOURCE   -I/usr/local/opt/libyaml/include -I/usr/local/opt/readline/include -I/usr/local/opt/libksba/include -I/usr/local/opt/openssl/include  -O3 -ggdb -Wall -Wextra -Wno-unused-parameter -Wno-parentheses -Wno-long-long -Wno-missing-field-initializers -Wpointer-arith -Wwrite-strings -Wdeclaration-after-statement -Wshorten-64-to-32 -Wimplicit-function-declaration  -fno-common -pipe  conftest.c  -L. -L/Users/samanthajones/.rvm/rubies/ruby-1.9.3-p484/lib -L/usr/local/opt/libyaml/lib -L/usr/local/opt/readline/lib -L/usr/local/opt/libksba/lib -L/usr/local/opt/openssl/lib -L.  -L/usr/local/opt/libyaml/lib -L/usr/local/opt/readline/lib -L/usr/local/opt/libksba/lib -L/usr/local/opt/openssl/lib       -lssl -lcrypto -lz  -lruby.1.9.1  -lssl -lcrypto -lz  -lpthread -ldl -lobjc "
checked program was:
/* begin */
 1: #include "ruby.h"
 2: 
 3: #include <sys/uio.h>
 4: 
 5: /*top*/
 6: int t() { void ((*volatile p)()); p = (void ((*)()))writev; return 0; }
 7: int main(int argc, char **argv)
 8: {
 9:   if (argc > 1000000) {
10:     printf("%p", &t);
11:   }
12: 
13:   return 0;
14: }
/* end */

--------------------

have_func: checking for rb_wait_for_single_fd()... -------------------- yes

"/usr/local/opt/apple-gcc42/bin/gcc-4.2 -o conftest -I/Users/samanthajones/.rvm/rubies/ruby-1.9.3-p484/include/ruby-1.9.1/x86_64-darwin11.4.2 -I/Users/samanthajones/.rvm/rubies/ruby-1.9.3-p484/include/ruby-1.9.1/ruby/backward -I/Users/samanthajones/.rvm/rubies/ruby-1.9.3-p484/include/ruby-1.9.1 -I. -D_XOPEN_SOURCE -D_DARWIN_C_SOURCE   -I/usr/local/opt/libyaml/include -I/usr/local/opt/readline/include -I/usr/local/opt/libksba/include -I/usr/local/opt/openssl/include  -O3 -ggdb -Wall -Wextra -Wno-unused-parameter -Wno-parentheses -Wno-long-long -Wno-missing-field-initializers -Wpointer-arith -Wwrite-strings -Wdeclaration-after-statement -Wshorten-64-to-32 -Wimplicit-function-declaration  -fno-common -pipe  conftest.c  -L. -L/Users/samanthajones/.rvm/rubies/ruby-1.9.3-p484/lib -L/usr/local/opt/libyaml/lib -L/usr/local/opt/readline/lib -L/usr/local/opt/libksba/lib -L/usr/local/opt/openssl/lib -L.  -L/usr/local/opt/libyaml/lib -L/usr/local/opt/readline/lib -L/usr/local/opt/libksba/lib -L/usr/local/opt/openssl/lib       -lssl -lcrypto -lz  -lruby.1.9.1  -lssl -lcrypto -lz  -lpthread -ldl -lobjc "
conftest.c: In function ‘t’:
conftest.c:4: error: ‘rb_wait_for_single_fd’ undeclared (first use in this function)
conftest.c:4: error: (Each undeclared identifier is reported only once
conftest.c:4: error: for each function it appears in.)
checked program was:
/* begin */
 1: #include "ruby.h"
 2: 
 3: /*top*/
 4: int t() { void ((*volatile p)()); p = (void ((*)()))rb_wait_for_single_fd; return 0; }
 5: int main(int argc, char **argv)
 6: {
 7:   if (argc > 1000000) {
 8:     printf("%p", &t);
 9:   }
10: 
11:   return 0;
12: }
/* end */

"/usr/local/opt/apple-gcc42/bin/gcc-4.2 -o conftest -I/Users/samanthajones/.rvm/rubies/ruby-1.9.3-p484/include/ruby-1.9.1/x86_64-darwin11.4.2 -I/Users/samanthajones/.rvm/rubies/ruby-1.9.3-p484/include/ruby-1.9.1/ruby/backward -I/Users/samanthajones/.rvm/rubies/ruby-1.9.3-p484/include/ruby-1.9.1 -I. -D_XOPEN_SOURCE -D_DARWIN_C_SOURCE   -I/usr/local/opt/libyaml/include -I/usr/local/opt/readline/include -I/usr/local/opt/libksba/include -I/usr/local/opt/openssl/include  -O3 -ggdb -Wall -Wextra -Wno-unused-parameter -Wno-parentheses -Wno-long-long -Wno-missing-field-initializers -Wpointer-arith -Wwrite-strings -Wdeclaration-after-statement -Wshorten-64-to-32 -Wimplicit-function-declaration  -fno-common -pipe  conftest.c  -L. -L/Users/samanthajones/.rvm/rubies/ruby-1.9.3-p484/lib -L/usr/local/opt/libyaml/lib -L/usr/local/opt/readline/lib -L/usr/local/opt/libksba/lib -L/usr/local/opt/openssl/lib -L.  -L/usr/local/opt/libyaml/lib -L/usr/local/opt/readline/lib -L/usr/local/opt/libksba/lib -L/usr/local/opt/openssl/lib       -lssl -lcrypto -lz  -lruby.1.9.1  -lssl -lcrypto -lz  -lpthread -ldl -lobjc "
conftest.c: In function ‘t’:
conftest.c:4: warning: implicit declaration of function ‘rb_wait_for_single_fd’
checked program was:
/* begin */
 1: #include "ruby.h"
 2: 
 3: /*top*/
 4: int t() { rb_wait_for_single_fd(); return 0; }
 5: int main(int argc, char **argv)
 6: {
 7:   if (argc > 1000000) {
 8:     printf("%p", &t);
 9:   }
10: 
11:   return 0;
12: }
/* end */

--------------------

have_func: checking for rb_enable_interrupt()... -------------------- yes

"/usr/local/opt/apple-gcc42/bin/gcc-4.2 -o conftest -I/Users/samanthajones/.rvm/rubies/ruby-1.9.3-p484/include/ruby-1.9.1/x86_64-darwin11.4.2 -I/Users/samanthajones/.rvm/rubies/ruby-1.9.3-p484/include/ruby-1.9.1/ruby/backward -I/Users/samanthajones/.rvm/rubies/ruby-1.9.3-p484/include/ruby-1.9.1 -I. -D_XOPEN_SOURCE -D_DARWIN_C_SOURCE   -I/usr/local/opt/libyaml/include -I/usr/local/opt/readline/include -I/usr/local/opt/libksba/include -I/usr/local/opt/openssl/include  -O3 -ggdb -Wall -Wextra -Wno-unused-parameter -Wno-parentheses -Wno-long-long -Wno-missing-field-initializers -Wpointer-arith -Wwrite-strings -Wdeclaration-after-statement -Wshorten-64-to-32 -Wimplicit-function-declaration  -fno-common -pipe  conftest.c  -L. -L/Users/samanthajones/.rvm/rubies/ruby-1.9.3-p484/lib -L/usr/local/opt/libyaml/lib -L/usr/local/opt/readline/lib -L/usr/local/opt/libksba/lib -L/usr/local/opt/openssl/lib -L.  -L/usr/local/opt/libyaml/lib -L/usr/local/opt/readline/lib -L/usr/local/opt/libksba/lib -L/usr/local/opt/openssl/lib       -lssl -lcrypto -lz  -lruby.1.9.1  -lssl -lcrypto -lz  -lpthread -ldl -lobjc "
conftest.c: In function ‘t’:
conftest.c:4: error: ‘rb_enable_interrupt’ undeclared (first use in this function)
conftest.c:4: error: (Each undeclared identifier is reported only once
conftest.c:4: error: for each function it appears in.)
checked program was:
/* begin */
 1: #include "ruby.h"
 2: 
 3: /*top*/
 4: int t() { void ((*volatile p)()); p = (void ((*)()))rb_enable_interrupt; return 0; }
 5: int main(int argc, char **argv)
 6: {
 7:   if (argc > 1000000) {
 8:     printf("%p", &t);
 9:   }
10: 
11:   return 0;
12: }
/* end */

"/usr/local/opt/apple-gcc42/bin/gcc-4.2 -o conftest -I/Users/samanthajones/.rvm/rubies/ruby-1.9.3-p484/include/ruby-1.9.1/x86_64-darwin11.4.2 -I/Users/samanthajones/.rvm/rubies/ruby-1.9.3-p484/include/ruby-1.9.1/ruby/backward -I/Users/samanthajones/.rvm/rubies/ruby-1.9.3-p484/include/ruby-1.9.1 -I. -D_XOPEN_SOURCE -D_DARWIN_C_SOURCE   -I/usr/local/opt/libyaml/include -I/usr/local/opt/readline/include -I/usr/local/opt/libksba/include -I/usr/local/opt/openssl/include  -O3 -ggdb -Wall -Wextra -Wno-unused-parameter -Wno-parentheses -Wno-long-long -Wno-missing-field-initializers -Wpointer-arith -Wwrite-strings -Wdeclaration-after-statement -Wshorten-64-to-32 -Wimplicit-function-declaration  -fno-common -pipe  conftest.c  -L. -L/Users/samanthajones/.rvm/rubies/ruby-1.9.3-p484/lib -L/usr/local/opt/libyaml/lib -L/usr/local/opt/readline/lib -L/usr/local/opt/libksba/lib -L/usr/local/opt/openssl/lib -L.  -L/usr/local/opt/libyaml/lib -L/usr/local/opt/readline/lib -L/usr/local/opt/libksba/lib -L/usr/local/opt/openssl/lib       -lssl -lcrypto -lz  -lruby.1.9.1  -lssl -lcrypto -lz  -lpthread -ldl -lobjc "
conftest.c: In function ‘t’:
conftest.c:4: warning: implicit declaration of function ‘rb_enable_interrupt’
checked program was:
/* begin */
 1: #include "ruby.h"
 2: 
 3: /*top*/
 4: int t() { rb_enable_interrupt(); return 0; }
 5: int main(int argc, char **argv)
 6: {
 7:   if (argc > 1000000) {
 8:     printf("%p", &t);
 9:   }
10: 
11:   return 0;
12: }
/* end */

--------------------

have_func: checking for rb_time_new()... -------------------- yes

"/usr/local/opt/apple-gcc42/bin/gcc-4.2 -o conftest -I/Users/samanthajones/.rvm/rubies/ruby-1.9.3-p484/include/ruby-1.9.1/x86_64-darwin11.4.2 -I/Users/samanthajones/.rvm/rubies/ruby-1.9.3-p484/include/ruby-1.9.1/ruby/backward -I/Users/samanthajones/.rvm/rubies/ruby-1.9.3-p484/include/ruby-1.9.1 -I. -D_XOPEN_SOURCE -D_DARWIN_C_SOURCE   -I/usr/local/opt/libyaml/include -I/usr/local/opt/readline/include -I/usr/local/opt/libksba/include -I/usr/local/opt/openssl/include  -O3 -ggdb -Wall -Wextra -Wno-unused-parameter -Wno-parentheses -Wno-long-long -Wno-missing-field-initializers -Wpointer-arith -Wwrite-strings -Wdeclaration-after-statement -Wshorten-64-to-32 -Wimplicit-function-declaration  -fno-common -pipe  conftest.c  -L. -L/Users/samanthajones/.rvm/rubies/ruby-1.9.3-p484/lib -L/usr/local/opt/libyaml/lib -L/usr/local/opt/readline/lib -L/usr/local/opt/libksba/lib -L/usr/local/opt/openssl/lib -L.  -L/usr/local/opt/libyaml/lib -L/usr/local/opt/readline/lib -L/usr/local/opt/libksba/lib -L/usr/local/opt/openssl/lib       -lssl -lcrypto -lz  -lruby.1.9.1  -lssl -lcrypto -lz  -lpthread -ldl -lobjc "
checked program was:
/* begin */
 1: #include "ruby.h"
 2: 
 3: /*top*/
 4: int t() { void ((*volatile p)()); p = (void ((*)()))rb_time_new; return 0; }
 5: int main(int argc, char **argv)
 6: {
 7:   if (argc > 1000000) {
 8:     printf("%p", &t);
 9:   }
10: 
11:   return 0;
12: }
/* end */

--------------------

have_header: checking for sys/event.h... -------------------- yes

"/usr/local/opt/apple-gcc42/bin/gcc-4.2 -E -I/Users/samanthajones/.rvm/rubies/ruby-1.9.3-p484/include/ruby-1.9.1/x86_64-darwin11.4.2 -I/Users/samanthajones/.rvm/rubies/ruby-1.9.3-p484/include/ruby-1.9.1/ruby/backward -I/Users/samanthajones/.rvm/rubies/ruby-1.9.3-p484/include/ruby-1.9.1 -I. -D_XOPEN_SOURCE -D_DARWIN_C_SOURCE   -I/usr/local/opt/libyaml/include -I/usr/local/opt/readline/include -I/usr/local/opt/libksba/include -I/usr/local/opt/openssl/include  -O3 -ggdb -Wall -Wextra -Wno-unused-parameter -Wno-parentheses -Wno-long-long -Wno-missing-field-initializers -Wpointer-arith -Wwrite-strings -Wdeclaration-after-statement -Wshorten-64-to-32 -Wimplicit-function-declaration  -fno-common -pipe   conftest.c -o conftest.i"
checked program was:
/* begin */
1: #include "ruby.h"
2: 
3: #include <sys/event.h>
/* end */

--------------------

have_header: checking for sys/queue.h... -------------------- yes

"/usr/local/opt/apple-gcc42/bin/gcc-4.2 -E -I/Users/samanthajones/.rvm/rubies/ruby-1.9.3-p484/include/ruby-1.9.1/x86_64-darwin11.4.2 -I/Users/samanthajones/.rvm/rubies/ruby-1.9.3-p484/include/ruby-1.9.1/ruby/backward -I/Users/samanthajones/.rvm/rubies/ruby-1.9.3-p484/include/ruby-1.9.1 -I. -D_XOPEN_SOURCE -D_DARWIN_C_SOURCE   -I/usr/local/opt/libyaml/include -I/usr/local/opt/readline/include -I/usr/local/opt/libksba/include -I/usr/local/opt/openssl/include  -O3 -ggdb -Wall -Wextra -Wno-unused-parameter -Wno-parentheses -Wno-long-long -Wno-missing-field-initializers -Wpointer-arith -Wwrite-strings -Wdeclaration-after-statement -Wshorten-64-to-32 -Wimplicit-function-declaration  -fno-common -pipe   conftest.c -o conftest.i"
checked program was:
/* begin */
1: #include "ruby.h"
2: 
3: #include <sys/queue.h>
/* end */

--------------------

"g++ -o conftest -I/Users/samanthajones/.rvm/rubies/ruby-1.9.3-p484/include/ruby-1.9.1/x86_64-darwin11.4.2 -I/Users/samanthajones/.rvm/rubies/ruby-1.9.3-p484/include/ruby-1.9.1/ruby/backward -I/Users/samanthajones/.rvm/rubies/ruby-1.9.3-p484/include/ruby-1.9.1 -I. -D_XOPEN_SOURCE -D_DARWIN_C_SOURCE   -I/usr/local/opt/libyaml/include -I/usr/local/opt/readline/include -I/usr/local/opt/libksba/include -I/usr/local/opt/openssl/include  -O3 -ggdb -Wall -Wextra -Wno-unused-parameter -Wno-parentheses -Wno-long-long -Wno-missing-field-initializers -Wpointer-arith -Wwrite-strings -Wdeclaration-after-statement -Wshorten-64-to-32 -Wimplicit-function-declaration  -fno-common -pipe  conftest.c  -L. -L/Users/samanthajones/.rvm/rubies/ruby-1.9.3-p484/lib -L/usr/local/opt/libyaml/lib -L/usr/local/opt/readline/lib -L/usr/local/opt/libksba/lib -L/usr/local/opt/openssl/lib -L.  -L/usr/local/opt/libyaml/lib -L/usr/local/opt/readline/lib -L/usr/local/opt/libksba/lib -L/usr/local/opt/openssl/lib       -lssl -lcrypto -lz  -lruby.1.9.1 -lstdc++ -lpthread -ldl -lobjc "
cc1plus: warning: command line option "-Wdeclaration-after-statement" is valid for C/ObjC but not for C++
cc1plus: warning: command line option "-Wimplicit-function-declaration" is valid for C/ObjC but not for C++
checked program was:
/* begin */
1: #include "ruby.h"
2: 
3:   #include <utility>
4:   using namespace std;
5:   int main(){ pair<int,int> tuple = make_pair(1,2); }
/* end */

