have_func: checking for mysql_ssl_set()... -------------------- yes

"/usr/local/opt/apple-gcc42/bin/gcc-4.2 -o conftest -I/Users/samanthajones/.rvm/rubies/ruby-1.9.3-p484/include/ruby-1.9.1/x86_64-darwin11.4.2 -I/Users/samanthajones/.rvm/rubies/ruby-1.9.3-p484/include/ruby-1.9.1/ruby/backward -I/Users/samanthajones/.rvm/rubies/ruby-1.9.3-p484/include/ruby-1.9.1 -I. -D_XOPEN_SOURCE -D_DARWIN_C_SOURCE   -I/usr/local/opt/libyaml/include -I/usr/local/opt/readline/include -I/usr/local/opt/libksba/include -I/usr/local/opt/openssl/include -I/usr/local/Cellar/mysql/5.6.16/include/mysql  -Os -g -fno-strict-aliasing  -O3 -ggdb -Wall -Wextra -Wno-unused-parameter -Wno-parentheses -Wno-long-long -Wno-missing-field-initializers -Wpointer-arith -Wwrite-strings -Wdeclaration-after-statement -Wshorten-64-to-32 -Wimplicit-function-declaration  -fno-common -pipe conftest.c  -L. -L/Users/samanthajones/.rvm/rubies/ruby-1.9.3-p484/lib -L/usr/local/opt/libyaml/lib -L/usr/local/opt/readline/lib -L/usr/local/opt/libksba/lib -L/usr/local/opt/openssl/lib -L.  -L/usr/local/opt/libyaml/lib -L/usr/local/opt/readline/lib -L/usr/local/opt/libksba/lib -L/usr/local/opt/openssl/lib     -L/usr/local/Cellar/mysql/5.6.16/lib -lmysqlclient  -lruby.1.9.1  -lpthread -ldl -lobjc "
checked program was:
/* begin */
1: #include "ruby.h"
2: 
3: int main(int argc, char **argv)
4: {
5:   return 0;
6: }
/* end */

"/usr/local/opt/apple-gcc42/bin/gcc-4.2 -o conftest -I/Users/samanthajones/.rvm/rubies/ruby-1.9.3-p484/include/ruby-1.9.1/x86_64-darwin11.4.2 -I/Users/samanthajones/.rvm/rubies/ruby-1.9.3-p484/include/ruby-1.9.1/ruby/backward -I/Users/samanthajones/.rvm/rubies/ruby-1.9.3-p484/include/ruby-1.9.1 -I. -D_XOPEN_SOURCE -D_DARWIN_C_SOURCE   -I/usr/local/opt/libyaml/include -I/usr/local/opt/readline/include -I/usr/local/opt/libksba/include -I/usr/local/opt/openssl/include -I/usr/local/Cellar/mysql/5.6.16/include/mysql  -Os -g -fno-strict-aliasing  -O3 -ggdb -Wall -Wextra -Wno-unused-parameter -Wno-parentheses -Wno-long-long -Wno-missing-field-initializers -Wpointer-arith -Wwrite-strings -Wdeclaration-after-statement -Wshorten-64-to-32 -Wimplicit-function-declaration  -fno-common -pipe conftest.c  -L. -L/Users/samanthajones/.rvm/rubies/ruby-1.9.3-p484/lib -L/usr/local/opt/libyaml/lib -L/usr/local/opt/readline/lib -L/usr/local/opt/libksba/lib -L/usr/local/opt/openssl/lib -L.  -L/usr/local/opt/libyaml/lib -L/usr/local/opt/readline/lib -L/usr/local/opt/libksba/lib -L/usr/local/opt/openssl/lib     -L/usr/local/Cellar/mysql/5.6.16/lib -lmysqlclient  -lruby.1.9.1 -L/usr/local/Cellar/mysql/5.6.16/lib -lmysqlclient  -lpthread -ldl -lobjc "
conftest.c: In function ‘t’:
conftest.c:4: error: ‘mysql_ssl_set’ undeclared (first use in this function)
conftest.c:4: error: (Each undeclared identifier is reported only once
conftest.c:4: error: for each function it appears in.)
checked program was:
/* begin */
 1: #include "ruby.h"
 2: 
 3: /*top*/
 4: int t() { void ((*volatile p)()); p = (void ((*)()))mysql_ssl_set; return 0; }
 5: int main(int argc, char **argv)
 6: {
 7:   if (argc > 1000000) {
 8:     printf("%p", &t);
 9:   }
10: 
11:   return 0;
12: }
/* end */

"/usr/local/opt/apple-gcc42/bin/gcc-4.2 -o conftest -I/Users/samanthajones/.rvm/rubies/ruby-1.9.3-p484/include/ruby-1.9.1/x86_64-darwin11.4.2 -I/Users/samanthajones/.rvm/rubies/ruby-1.9.3-p484/include/ruby-1.9.1/ruby/backward -I/Users/samanthajones/.rvm/rubies/ruby-1.9.3-p484/include/ruby-1.9.1 -I. -D_XOPEN_SOURCE -D_DARWIN_C_SOURCE   -I/usr/local/opt/libyaml/include -I/usr/local/opt/readline/include -I/usr/local/opt/libksba/include -I/usr/local/opt/openssl/include -I/usr/local/Cellar/mysql/5.6.16/include/mysql  -Os -g -fno-strict-aliasing  -O3 -ggdb -Wall -Wextra -Wno-unused-parameter -Wno-parentheses -Wno-long-long -Wno-missing-field-initializers -Wpointer-arith -Wwrite-strings -Wdeclaration-after-statement -Wshorten-64-to-32 -Wimplicit-function-declaration  -fno-common -pipe conftest.c  -L. -L/Users/samanthajones/.rvm/rubies/ruby-1.9.3-p484/lib -L/usr/local/opt/libyaml/lib -L/usr/local/opt/readline/lib -L/usr/local/opt/libksba/lib -L/usr/local/opt/openssl/lib -L.  -L/usr/local/opt/libyaml/lib -L/usr/local/opt/readline/lib -L/usr/local/opt/libksba/lib -L/usr/local/opt/openssl/lib     -L/usr/local/Cellar/mysql/5.6.16/lib -lmysqlclient  -lruby.1.9.1 -L/usr/local/Cellar/mysql/5.6.16/lib -lmysqlclient  -lpthread -ldl -lobjc "
conftest.c: In function ‘t’:
conftest.c:4: warning: implicit declaration of function ‘mysql_ssl_set’
checked program was:
/* begin */
 1: #include "ruby.h"
 2: 
 3: /*top*/
 4: int t() { mysql_ssl_set(); return 0; }
 5: int main(int argc, char **argv)
 6: {
 7:   if (argc > 1000000) {
 8:     printf("%p", &t);
 9:   }
10: 
11:   return 0;
12: }
/* end */

--------------------

have_func: checking for rb_str_set_len()... -------------------- yes

"/usr/local/opt/apple-gcc42/bin/gcc-4.2 -o conftest -I/Users/samanthajones/.rvm/rubies/ruby-1.9.3-p484/include/ruby-1.9.1/x86_64-darwin11.4.2 -I/Users/samanthajones/.rvm/rubies/ruby-1.9.3-p484/include/ruby-1.9.1/ruby/backward -I/Users/samanthajones/.rvm/rubies/ruby-1.9.3-p484/include/ruby-1.9.1 -I. -D_XOPEN_SOURCE -D_DARWIN_C_SOURCE   -I/usr/local/opt/libyaml/include -I/usr/local/opt/readline/include -I/usr/local/opt/libksba/include -I/usr/local/opt/openssl/include -I/usr/local/Cellar/mysql/5.6.16/include/mysql  -Os -g -fno-strict-aliasing  -O3 -ggdb -Wall -Wextra -Wno-unused-parameter -Wno-parentheses -Wno-long-long -Wno-missing-field-initializers -Wpointer-arith -Wwrite-strings -Wdeclaration-after-statement -Wshorten-64-to-32 -Wimplicit-function-declaration  -fno-common -pipe conftest.c  -L. -L/Users/samanthajones/.rvm/rubies/ruby-1.9.3-p484/lib -L/usr/local/opt/libyaml/lib -L/usr/local/opt/readline/lib -L/usr/local/opt/libksba/lib -L/usr/local/opt/openssl/lib -L.  -L/usr/local/opt/libyaml/lib -L/usr/local/opt/readline/lib -L/usr/local/opt/libksba/lib -L/usr/local/opt/openssl/lib     -L/usr/local/Cellar/mysql/5.6.16/lib -lmysqlclient  -lruby.1.9.1 -L/usr/local/Cellar/mysql/5.6.16/lib -lmysqlclient  -lpthread -ldl -lobjc "
checked program was:
/* begin */
 1: #include "ruby.h"
 2: 
 3: /*top*/
 4: int t() { void ((*volatile p)()); p = (void ((*)()))rb_str_set_len; return 0; }
 5: int main(int argc, char **argv)
 6: {
 7:   if (argc > 1000000) {
 8:     printf("%p", &t);
 9:   }
10: 
11:   return 0;
12: }
/* end */

--------------------

have_func: checking for rb_thread_start_timer()... -------------------- no

"/usr/local/opt/apple-gcc42/bin/gcc-4.2 -o conftest -I/Users/samanthajones/.rvm/rubies/ruby-1.9.3-p484/include/ruby-1.9.1/x86_64-darwin11.4.2 -I/Users/samanthajones/.rvm/rubies/ruby-1.9.3-p484/include/ruby-1.9.1/ruby/backward -I/Users/samanthajones/.rvm/rubies/ruby-1.9.3-p484/include/ruby-1.9.1 -I. -D_XOPEN_SOURCE -D_DARWIN_C_SOURCE   -I/usr/local/opt/libyaml/include -I/usr/local/opt/readline/include -I/usr/local/opt/libksba/include -I/usr/local/opt/openssl/include -I/usr/local/Cellar/mysql/5.6.16/include/mysql  -Os -g -fno-strict-aliasing  -O3 -ggdb -Wall -Wextra -Wno-unused-parameter -Wno-parentheses -Wno-long-long -Wno-missing-field-initializers -Wpointer-arith -Wwrite-strings -Wdeclaration-after-statement -Wshorten-64-to-32 -Wimplicit-function-declaration  -fno-common -pipe conftest.c  -L. -L/Users/samanthajones/.rvm/rubies/ruby-1.9.3-p484/lib -L/usr/local/opt/libyaml/lib -L/usr/local/opt/readline/lib -L/usr/local/opt/libksba/lib -L/usr/local/opt/openssl/lib -L.  -L/usr/local/opt/libyaml/lib -L/usr/local/opt/readline/lib -L/usr/local/opt/libksba/lib -L/usr/local/opt/openssl/lib     -L/usr/local/Cellar/mysql/5.6.16/lib -lmysqlclient  -lruby.1.9.1 -L/usr/local/Cellar/mysql/5.6.16/lib -lmysqlclient  -lpthread -ldl -lobjc "
conftest.c: In function ‘t’:
conftest.c:4: error: ‘rb_thread_start_timer’ undeclared (first use in this function)
conftest.c:4: error: (Each undeclared identifier is reported only once
conftest.c:4: error: for each function it appears in.)
checked program was:
/* begin */
 1: #include "ruby.h"
 2: 
 3: /*top*/
 4: int t() { void ((*volatile p)()); p = (void ((*)()))rb_thread_start_timer; return 0; }
 5: int main(int argc, char **argv)
 6: {
 7:   if (argc > 1000000) {
 8:     printf("%p", &t);
 9:   }
10: 
11:   return 0;
12: }
/* end */

"/usr/local/opt/apple-gcc42/bin/gcc-4.2 -o conftest -I/Users/samanthajones/.rvm/rubies/ruby-1.9.3-p484/include/ruby-1.9.1/x86_64-darwin11.4.2 -I/Users/samanthajones/.rvm/rubies/ruby-1.9.3-p484/include/ruby-1.9.1/ruby/backward -I/Users/samanthajones/.rvm/rubies/ruby-1.9.3-p484/include/ruby-1.9.1 -I. -D_XOPEN_SOURCE -D_DARWIN_C_SOURCE   -I/usr/local/opt/libyaml/include -I/usr/local/opt/readline/include -I/usr/local/opt/libksba/include -I/usr/local/opt/openssl/include -I/usr/local/Cellar/mysql/5.6.16/include/mysql  -Os -g -fno-strict-aliasing  -O3 -ggdb -Wall -Wextra -Wno-unused-parameter -Wno-parentheses -Wno-long-long -Wno-missing-field-initializers -Wpointer-arith -Wwrite-strings -Wdeclaration-after-statement -Wshorten-64-to-32 -Wimplicit-function-declaration  -fno-common -pipe conftest.c  -L. -L/Users/samanthajones/.rvm/rubies/ruby-1.9.3-p484/lib -L/usr/local/opt/libyaml/lib -L/usr/local/opt/readline/lib -L/usr/local/opt/libksba/lib -L/usr/local/opt/openssl/lib -L.  -L/usr/local/opt/libyaml/lib -L/usr/local/opt/readline/lib -L/usr/local/opt/libksba/lib -L/usr/local/opt/openssl/lib     -L/usr/local/Cellar/mysql/5.6.16/lib -lmysqlclient  -lruby.1.9.1 -L/usr/local/Cellar/mysql/5.6.16/lib -lmysqlclient  -lpthread -ldl -lobjc "
conftest.c: In function ‘t’:
conftest.c:4: warning: implicit declaration of function ‘rb_thread_start_timer’
Undefined symbols for architecture x86_64:
  "_rb_thread_start_timer", referenced from:
      _t in ccoZHQpW.o
ld: symbol(s) not found for architecture x86_64
collect2: ld returned 1 exit status
checked program was:
/* begin */
 1: #include "ruby.h"
 2: 
 3: /*top*/
 4: int t() { rb_thread_start_timer(); return 0; }
 5: int main(int argc, char **argv)
 6: {
 7:   if (argc > 1000000) {
 8:     printf("%p", &t);
 9:   }
10: 
11:   return 0;
12: }
/* end */

--------------------

have_header: checking for mysql.h... -------------------- yes

"/usr/local/opt/apple-gcc42/bin/gcc-4.2 -E -I/Users/samanthajones/.rvm/rubies/ruby-1.9.3-p484/include/ruby-1.9.1/x86_64-darwin11.4.2 -I/Users/samanthajones/.rvm/rubies/ruby-1.9.3-p484/include/ruby-1.9.1/ruby/backward -I/Users/samanthajones/.rvm/rubies/ruby-1.9.3-p484/include/ruby-1.9.1 -I. -D_XOPEN_SOURCE -D_DARWIN_C_SOURCE   -I/usr/local/opt/libyaml/include -I/usr/local/opt/readline/include -I/usr/local/opt/libksba/include -I/usr/local/opt/openssl/include -I/usr/local/Cellar/mysql/5.6.16/include/mysql  -Os -g -fno-strict-aliasing  -O3 -ggdb -Wall -Wextra -Wno-unused-parameter -Wno-parentheses -Wno-long-long -Wno-missing-field-initializers -Wpointer-arith -Wwrite-strings -Wdeclaration-after-statement -Wshorten-64-to-32 -Wimplicit-function-declaration  -fno-common -pipe  conftest.c -o conftest.i"
checked program was:
/* begin */
1: #include "ruby.h"
2: 
3: #include <mysql.h>
/* end */

--------------------

